28:01:2023 | /sitea2/index.php |  
28:01:2023 | /sitea2/index.php?id=log | http://localhost/sitea2/index.php 
28:01:2023 | /sitea2/index.php | http://localhost/sitea2/index.php?id=log 
28:01:2023 | /sitea2/ |  
28:01:2023 | /sitea2/index.php | http://localhost/sitea2/ 
28:01:2023 | /sitea2/index.php?id=contact | http://localhost/sitea2/index.php 
28:01:2023 | /sitea2/index.php?id=about | http://localhost/sitea2/index.php?id=contact 
28:01:2023 | /sitea2/index.php?id=info | http://localhost/sitea2/index.php?id=about 
28:01:2023 | /sitea2/index.php?id=gbook | http://localhost/sitea2/index.php?id=info 
28:01:2023 | /sitea2/index.php?id=log | http://localhost/sitea2/index.php?id=gbook 
28:01:2023 | /sitea2/index.php | http://localhost/sitea2/index.php?id=log 
28:01:2023 | /sitea2/index.php?id=contact | http://localhost/sitea2/index.php 
28:01:2023 | /sitea2/index.php?id=about | http://localhost/sitea2/index.php?id=contact 
28:01:2023 | /sitea2/index.php?id=info | http://localhost/sitea2/index.php?id=about 
28:01:2023 | /sitea2/index.php?id=gbook | http://localhost/sitea2/index.php?id=info 
28:01:2023 | /sitea2/index.php?id=log | http://localhost/sitea2/index.php?id=gbook 
28:01:2023 | /sitea2/index.php | http://localhost/sitea2/index.php?id=log 
28:01:2023 | /sitea2/index.php?id=contact | http://localhost/sitea2/index.php 
28:01:2023 | /sitea2/index.php?id=about | http://localhost/sitea2/index.php?id=contact 
28:01:2023 | /sitea2/index.php?id=info | http://localhost/sitea2/index.php?id=about 
28:01:2023 | /sitea2/index.php?id=gbook | http://localhost/sitea2/index.php?id=info 
28:01:2023 | /sitea2/index.php?id=log | http://localhost/sitea2/index.php?id=gbook 
28:01:2023 | /sitea2/index.php?id=log | http://localhost/sitea2/index.php?id=gbook 
28:01:2023 | /sitea2/index.php | http://localhost/sitea2/index.php?id=log 
28:01:2023 | /sitea2/index.php?id=contact | http://localhost/sitea2/index.php 
28:01:2023 | /sitea2/index.php?id=about | http://localhost/sitea2/index.php?id=contact 
28:01:2023 | /sitea2/index.php?id=info | http://localhost/sitea2/index.php?id=about 
28:01:2023 | /sitea2/index.php?id=gbook | http://localhost/sitea2/index.php?id=info 
28:01:2023 | /sitea2/index.php?id=log | http://localhost/sitea2/index.php?id=gbook 
28-01-2023 11;40:50 | /sitea2/index.php | http://localhost/sitea2/index.php?id=log 
28-01-2023 11:41:02 | /sitea2/index.php | http://localhost/sitea2/index.php?id=log 
28-01-2023 11:41:02 | /sitea2/index.php | http://localhost/sitea2/index.php?id=log 
28-01-2023 11:41:03 | /sitea2/index.php | http://localhost/sitea2/index.php?id=log 
28-01-2023 11:41:04 | /sitea2/index.php | http://localhost/sitea2/index.php?id=log 
28-01-2023 11:41:05 | /sitea2/index.php | http://localhost/sitea2/index.php?id=log 
28-01-2023 11:41:05 | /sitea2/index.php | http://localhost/sitea2/index.php?id=log 
28-01-2023 11:41:06 | /sitea2/index.php | http://localhost/sitea2/index.php?id=log 
28-01-2023 11:41:07 | /sitea2/index.php | http://localhost/sitea2/index.php?id=log 
28-01-2023 11:41:08 | /sitea2/index.php | http://localhost/sitea2/index.php?id=log 
28-01-2023 11:41:11 | /sitea2/index.php | http://localhost/sitea2/index.php?id=log 
28-01-2023 11:41:26 | /sitea2/index.php | http://localhost/sitea2/index.php?id=log 
28-01-2023 11:41:27 | /sitea2/index.php | http://localhost/sitea2/index.php 
28-01-2023 11:41:28 | /sitea2/index.php?id=contact | http://localhost/sitea2/index.php 
28-01-2023 11:41:28 | /sitea2/index.php?id=about | http://localhost/sitea2/index.php?id=contact 
28-01-2023 11:41:29 | /sitea2/index.php?id=log | http://localhost/sitea2/index.php?id=about 
28-01-2023 11:41:30 | /sitea2/index.php?id=info | http://localhost/sitea2/index.php?id=log 
28-01-2023 11:41:31 | /sitea2/index.php?id=gbook | http://localhost/sitea2/index.php?id=info 
28-01-2023 11:41:32 | /sitea2/index.php?id=log | http://localhost/sitea2/index.php?id=gbook 
28-01-2023 11:44:21 | /sitea2/index.php?id=log | http://localhost/sitea2/index.php?id=gbook 
28-01-2023 11:44:24 | /sitea2/index.php | http://localhost/sitea2/index.php?id=log 
28-01-2023 11:44:25 | /sitea2/index.php?id=contact | http://localhost/sitea2/index.php 
28-01-2023 11:44:25 | /sitea2/index.php?id=about | http://localhost/sitea2/index.php?id=contact 
28-01-2023 11:44:25 | /sitea2/index.php?id=info | http://localhost/sitea2/index.php?id=about 
28-01-2023 11:44:26 | /sitea2/index.php?id=log | http://localhost/sitea2/index.php?id=info 
28-01-2023 11:44:35 | /sitea2/index.php?id=about | http://localhost/sitea2/index.php?id=log 
28-01-2023 11:44:36 | /sitea2/index.php?id=log | http://localhost/sitea2/index.php?id=about 
28-01-2023 11:44:40 | /sitea2/index.php?id=info | http://localhost/sitea2/index.php?id=log 
28-01-2023 11:44:42 | /sitea2/index.php?id=log | http://localhost/sitea2/index.php?id=info 
28-01-2023 11:44:44 | /sitea2/index.php?id=gbook | http://localhost/sitea2/index.php?id=log 
28-01-2023 11:44:46 | /sitea2/index.php?id=log | http://localhost/sitea2/index.php?id=gbook 
28-01-2023 11:46:27 | /sitea2/index.php?id=log | http://localhost/sitea2/index.php?id=gbook 
28-01-2023 11:46:33 | /sitea2/index.php?id=log | http://localhost/sitea2/index.php?id=gbook 
28-01-2023 11:46:35 | /sitea2/index.php | http://localhost/sitea2/index.php?id=log 
28-01-2023 11:46:36 | /sitea2/index.php?id=contact | http://localhost/sitea2/index.php 
28-01-2023 11:46:38 | /sitea2/index.php?id=info | http://localhost/sitea2/index.php?id=contact 
28-01-2023 11:46:38 | /sitea2/index.php?id=gbook | http://localhost/sitea2/index.php?id=info 
28-01-2023 11:46:39 | /sitea2/index.php?id=log | http://localhost/sitea2/index.php?id=gbook 
28-01-2023 11:46:42 | /sitea2/index.php | http://localhost/sitea2/index.php?id=log 
28-01-2023 11:46:45 | /sitea2/index.php?id=log | http://localhost/sitea2/index.php 
28-01-2023 11:47:44 | /sitea2/index.php?id=log | http://localhost/sitea2/index.php 
28-01-2023 11:47:45 | /sitea2/index.php?id=log | http://localhost/sitea2/index.php 
28-01-2023 11:47:46 | /sitea2/index.php?id=log | http://localhost/sitea2/index.php 
28-01-2023 11:47:46 | /sitea2/index.php?id=log | http://localhost/sitea2/index.php 
28-01-2023 11:47:48 | /sitea2/index.php?id=about | http://localhost/sitea2/index.php?id=log 
28-01-2023 11:47:49 | /sitea2/index.php?id=log | http://localhost/sitea2/index.php?id=about 
28-01-2023 11:47:51 | /sitea2/index.php?id=info | http://localhost/sitea2/index.php?id=log 
28-01-2023 11:47:53 | /sitea2/index.php?id=log | http://localhost/sitea2/index.php?id=info 
28-01-2023 11:48:30 | /sitea2/index.php?id=log | http://localhost/sitea2/index.php?id=gbook 
28-01-2023 11:49:34 | /sitea2/index.php?id=log | http://localhost/sitea2/index.php?id=info 
28-01-2023 11:49:35 | /sitea2/index.php?id=log | http://localhost/sitea2/index.php?id=info 
28-01-2023 11:49:50 | /sitea2/index.php?id=log | http://localhost/sitea2/index.php?id=info 
28-01-2023 11:50:17 | /sitea2/index.php?id=log | http://localhost/sitea2/index.php?id=info 
28-01-2023 11:50:18 | /sitea2/index.php?id=log | http://localhost/sitea2/index.php?id=info 
28-01-2023 11:50:25 | /sitea2/index.php?id=info | http://localhost/sitea2/index.php?id=log 
28-01-2023 11:50:27 | /sitea2/index.php?id=log | http://localhost/sitea2/index.php?id=info 
28-01-2023 11:50:28 | /sitea2/index.php | http://localhost/sitea2/index.php?id=log 
28-01-2023 11:50:30 | /sitea2/index.php?id=log | http://localhost/sitea2/index.php 
28-01-2023 12:00:19 | /sitea2/index.php?id=log | http://localhost/sitea2/index.php 
28-01-2023 12:00:26 | /sitea2/index.php?id=log | http://localhost/sitea2/index.php 
28-01-2023 12:00:28 | /sitea2/index.php | http://localhost/sitea2/index.php?id=log 
28-01-2023 12:00:29 | /sitea2/index.php?id=about | http://localhost/sitea2/index.php 
28-01-2023 12:00:30 | /sitea2/index.php?id=log | http://localhost/sitea2/index.php?id=about 
28-01-2023 12:00:31 | /sitea2/index.php?id=gbook | http://localhost/sitea2/index.php?id=log 
28-01-2023 12:00:33 | /sitea2/index.php?id=log | http://localhost/sitea2/index.php?id=gbook 
28-01-2023 12:01:39 | /sitea2/index.php?id=log | http://localhost/sitea2/index.php?id=gbook 
28-01-2023 12:01:53 | /sitea2/index.php?id=log | http://localhost/sitea2/index.php?id=gbook 
28-01-2023 12:02:06 | /sitea2/index.php?id=log | http://localhost/sitea2/index.php?id=gbook 
28-01-2023 12:03:16 | /sitea2/index.php?id=log | http://localhost/sitea2/index.php?id=gbook 
28-01-2023 12:03:19 | /sitea2/index.php?id=gbook | http://localhost/sitea2/index.php?id=log 
28-01-2023 12:03:20 | /sitea2/index.php?id=log | http://localhost/sitea2/index.php?id=gbook 
28-01-2023 12:03:21 | /sitea2/index.php?id=contact | http://localhost/sitea2/index.php?id=log 
28-01-2023 12:03:22 | /sitea2/index.php?id=info | http://localhost/sitea2/index.php?id=contact 
28-01-2023 12:03:23 | /sitea2/index.php?id=log | http://localhost/sitea2/index.php?id=info 
28-01-2023 12:06:04 | /sitea2/index.php?id=log | http://localhost/sitea2/index.php?id=info 
28-01-2023 12:06:10 | /sitea2/index.php?id=gbook | http://localhost/sitea2/index.php?id=log 
28-01-2023 12:06:11 | /sitea2/index.php?id=log | http://localhost/sitea2/index.php?id=gbook 
28-01-2023 12:06:17 | /sitea2/index.php?id=info | http://localhost/sitea2/index.php?id=log 
28-01-2023 12:06:17 | /sitea2/index.php?id=log | http://localhost/sitea2/index.php?id=info 
